"file:/usr/local/lib/python3.10/idlelib/help.html":979.5-979.42: error: Duplicate ID "cpython-language-and-version".
"file:/github/workspace/404.html":156.9-156.12: error: No "p" element in scope but a "p" end tag seen.
"file:/github/workspace/pinterest-326fc.html":0.294-0.301: error: Element "title" must not be empty.
"file:/github/workspace/pinterest-326fc.html":0.458-0.571: error: Attribute "background" not allowed on element "table" at this point.
"file:/github/workspace/pinterest-326fc.html":0.458-0.571: error: The "cellspacing" attribute on the "table" element is obsolete. Use CSS instead.
"file:/github/workspace/pinterest-326fc.html":0.458-0.571: error: The "cellpadding" attribute on the "table" element is obsolete. Use CSS instead.
"file:/github/workspace/pinterest-326fc.html":0.458-0.571: error: The "width" attribute on the "table" element is obsolete. Use CSS instead.
"file:/github/workspace/pinterest-326fc.html":0.458-0.571: error: The "border" attribute on the "table" element is obsolete. Use CSS instead.
"file:/github/workspace/pinterest-326fc.html":0.624-0.713: error: The "cellspacing" attribute on the "table" element is obsolete. Use CSS instead.
"file:/github/workspace/pinterest-326fc.html":0.624-0.713: error: The "cellpadding" attribute on the "table" element is obsolete. Use CSS instead.
"file:/github/workspace/pinterest-326fc.html":0.624-0.713: error: The "align" attribute on the "table" element is obsolete. Use CSS instead.
"file:/github/workspace/pinterest-326fc.html":0.624-0.713: error: The "width" attribute on the "table" element is obsolete. Use CSS instead.
"file:/github/workspace/pinterest-326fc.html":0.624-0.713: error: The "border" attribute on the "table" element is obsolete. Use CSS instead.
"file:/github/workspace/pinterest-326fc.html":0.718-0.774: error: The "align" attribute on the "td" element is obsolete. Use CSS instead.
"file:/github/workspace/pinterest-326fc.html":0.1040-0.1139: error: Attribute "background" not allowed on element "td" at this point.
"file:/github/workspace/pinterest-326fc.html":0.1040-0.1139: error: The "align" attribute on the "td" element is obsolete. Use CSS instead.
"file:/github/workspace/pinterest-326fc.html":0.1140-0.1204: error: The "cellspacing" attribute on the "table" element is obsolete. Use CSS instead.
"file:/github/workspace/pinterest-326fc.html":0.1140-0.1204: error: The "cellpadding" attribute on the "table" element is obsolete. Use CSS instead.
"file:/github/workspace/pinterest-326fc.html":0.1140-0.1204: error: The "align" attribute on the "table" element is obsolete. Use CSS instead.
"file:/github/workspace/pinterest-326fc.html":0.1140-0.1204: error: The "border" attribute on the "table" element is obsolete. Use CSS instead.
"file:/github/workspace/pinterest-326fc.html":0.1209-0.1296: error: Attribute "background" not allowed on element "td" at this point.
"file:/github/workspace/pinterest-326fc.html":0.1572-0.1621: error: The "cellspacing" attribute on the "table" element is obsolete. Use CSS instead.
"file:/github/workspace/pinterest-326fc.html":0.1572-0.1621: error: The "cellpadding" attribute on the "table" element is obsolete. Use CSS instead.
"file:/github/workspace/pinterest-326fc.html":0.1572-0.1621: error: The "border" attribute on the "table" element is obsolete. Use CSS instead.
"file:/github/workspace/pinterest-326fc.html":0.1626-0.1672: error: The "width" attribute on the "td" element is obsolete. Use CSS instead.
"file:/github/workspace/pinterest-326fc.html":0.1856-0.1905: error: The "cellspacing" attribute on the "table" element is obsolete. Use CSS instead.
"file:/github/workspace/pinterest-326fc.html":0.1856-0.1905: error: The "cellpadding" attribute on the "table" element is obsolete. Use CSS instead.
"file:/github/workspace/pinterest-326fc.html":0.1856-0.1905: error: The "border" attribute on the "table" element is obsolete. Use CSS instead.
"file:/github/workspace/pinterest-326fc.html":0.1914-0.2001: error: The "cellspacing" attribute on the "table" element is obsolete. Use CSS instead.
"file:/github/workspace/pinterest-326fc.html":0.1914-0.2001: error: The "cellpadding" attribute on the "table" element is obsolete. Use CSS instead.
"file:/github/workspace/pinterest-326fc.html":0.1914-0.2001: error: The "width" attribute on the "table" element is obsolete. Use CSS instead.
"file:/github/workspace/pinterest-326fc.html":0.1914-0.2001: error: The "border" attribute on the "table" element is obsolete. Use CSS instead.
"file:/github/workspace/pinterest-326fc.html":0.2006-0.2055: error: The "width" attribute on the "td" element is obsolete. Use CSS instead.
"file:/github/workspace/pinterest-326fc.html":0.2006-0.2055: error: The "valign" attribute on the "td" element is obsolete. Use CSS instead.
"file:/github/workspace/pinterest-326fc.html":0.2335-0.2371: error: The "width" attribute on the "td" element is obsolete. Use CSS instead.
"file:/github/workspace/pinterest-326fc.html":0.2650-0.2719: error: The "width" attribute on the "td" element is obsolete. Use CSS instead.
"file:/github/workspace/pinterest-326fc.html":0.2650-0.2719: error: The "align" attribute on the "td" element is obsolete. Use CSS instead.
"file:/github/workspace/pinterest-326fc.html":0.2720-0.2784: error: The "cellspacing" attribute on the "table" element is obsolete. Use CSS instead.
"file:/github/workspace/pinterest-326fc.html":0.2720-0.2784: error: The "cellpadding" attribute on the "table" element is obsolete. Use CSS instead.
"file:/github/workspace/pinterest-326fc.html":0.2720-0.2784: error: The "border" attribute on the "table" element is obsolete. Use CSS instead.
"file:/github/workspace/pinterest-326fc.html":0.2789-0.3187: error: Attribute "background" not allowed on element "td" at this point.
"file:/github/workspace/pinterest-326fc.html":0.2789-0.3187: error: The "height" attribute on the "td" element is obsolete. Use CSS instead.
"file:/github/workspace/pinterest-326fc.html":0.2789-0.3187: error: The "align" attribute on the "td" element is obsolete. Use CSS instead.
"file:/github/workspace/pinterest-326fc.html":0.3415-0.3461: error: The "width" attribute on the "td" element is obsolete. Use CSS instead.
"file:/github/workspace/pinterest-326fc.html":0.3476-0.3522: error: The "width" attribute on the "td" element is obsolete. Use CSS instead.
"file:/github/workspace/pinterest-326fc.html":0.3528-0.3575: error: The "height" attribute on the "td" element is obsolete. Use CSS instead.
"file:/github/workspace/pinterest-326fc.html":0.3581-0.3627: error: The "width" attribute on the "td" element is obsolete. Use CSS instead.
"file:/github/workspace/pinterest-326fc.html":0.3642-0.3655: error: The "width" attribute on the "td" element is obsolete. Use CSS instead.
"file:/github/workspace/pinterest-326fc.html":0.3661-0.3708: error: The "height" attribute on the "td" element is obsolete. Use CSS instead.
"file:/github/workspace/pinterest-326fc.html":0.3714-0.3727: error: The "width" attribute on the "td" element is obsolete. Use CSS instead.
"file:/github/workspace/pinterest-326fc.html":0.3760-0.3806: error: The "align" attribute on the "td" element is obsolete. Use CSS instead.
"file:/github/workspace/pinterest-326fc.html":0.3984-0.4107: error: Attribute "background" not allowed on element "td" at this point.
"file:/github/workspace/pinterest-326fc.html":0.3984-0.4107: error: The "height" attribute on the "td" element is obsolete. Use CSS instead.
"file:/github/workspace/pinterest-326fc.html":0.3984-0.4107: error: The "width" attribute on the "td" element is obsolete. Use CSS instead.
"file:/github/workspace/pinterest-326fc.html":0.3984-0.4107: error: The "align" attribute on the "td" element is obsolete. Use CSS instead.
"file:/github/workspace/pinterest-326fc.html":0.4122-0.4168: error: The "align" attribute on the "td" element is obsolete. Use CSS instead.
"file:/github/workspace/pinterest-326fc.html":0.4183-0.4201: error: The "align" attribute on the "td" element is obsolete. Use CSS instead.
"file:/github/workspace/pinterest-326fc.html":0.4426-0.4464: error: The "font" element is obsolete. Use CSS instead.
"file:/github/workspace/pinterest-326fc.html":0.4652-0.4690: error: The "font" element is obsolete. Use CSS instead.
"file:/github/workspace/qkdq6zub0hw6o6acpoiylfrrf5e7g1.html":0.1-0.30: error: Non-space characters found without seeing a doctype first. Expected "<!DOCTYPE html>".
"file:/github/workspace/qkdq6zub0hw6o6acpoiylfrrf5e7g1.html":0.1-0.30: error: Element "head" is missing a required instance of child element "title".
"file:/github/workspace/yandex_b229053f47e9b4b5.html":0.1-0.6: error: Start tag seen without seeing a doctype first. Expected "<!DOCTYPE html>".
"file:/github/workspace/yandex_b229053f47e9b4b5.html":3.5-3.11: error: Element "head" is missing a required instance of child element "title".
"file:/github/workspace/google022983bf0cf659ae.html":0.1-0.52: error: Non-space characters found without seeing a doctype first. Expected "<!DOCTYPE html>".
"file:/github/workspace/google022983bf0cf659ae.html":0.1-0.52: error: Element "head" is missing a required instance of child element "title".
"file:/github/workspace/css/search.css":439.30-439.30: error: CSS: "backdrop-filter": Property "backdrop-filter" doesn't exist.
"file:/github/workspace/css/search.css":512.22-512.31: error: CSS: "margin-left": "10x" is not a "margin-left" value.
"file:/github/workspace/css/main.css":117.22-117.31: error: CSS: "margin-left": "10x" is not a "margin-left" value.
"file:/github/workspace/css/main.css":473.30-473.30: error: CSS: "backdrop-filter": Property "backdrop-filter" doesn't exist.
"file:/github/workspace/css/main.css":594.30-594.30: error: CSS: "backdrop-filter": Property "backdrop-filter" doesn't exist.
"file:/github/workspace/webviumbeta/index.html":213.13-213.16: error: No "p" element in scope but a "p" end tag seen.
"file:/github/workspace/webviumbeta/index.html":304.7-304.40: error: Duplicate ID "info".
"file:/github/workspace/assets/bootstrap.min.css":0.0-0.0: error: CSS: org.w3c.css.values.CssNumber cannot be cast to org.w3c.css.values.CssCalc.
"file:/github/workspace/assets/fontawesome-6.4.2/css/brands.min.css":6.2-6.5: error: CSS: Unknown pseudo-element or pseudo-class ":host"
"file:/github/workspace/assets/fontawesome-6.4.2/css/svg-with-js.css":6.9-6.12: error: CSS: Unknown pseudo-element or pseudo-class ":host"
"file:/github/workspace/assets/fontawesome-6.4.2/css/svg-with-js.css":17.41-17.44: error: CSS: Unknown pseudo-element or pseudo-class ":host"
"file:/github/workspace/assets/fontawesome-6.4.2/css/svg-with-js.css":412.144-412.144: error: CSS: "transform": too few values for the property "transform".
"file:/github/workspace/assets/fontawesome-6.4.2/css/svg-with-js.css":418.81-418.81: error: CSS: "transform": too few values for the property "transform".
"file:/github/workspace/assets/fontawesome-6.4.2/css/svg-with-js.css":462.125-462.125: error: CSS: "transform": too few values for the property "transform".
"file:/github/workspace/assets/fontawesome-6.4.2/css/svg-with-js.css":565.57-565.57: error: CSS: "transform": too few values for the property "transform".
"file:/github/workspace/assets/fontawesome-6.4.2/css/regular.min.css":6.2-6.5: error: CSS: Unknown pseudo-element or pseudo-class ":host"
"file:/github/workspace/assets/fontawesome-6.4.2/css/fontawesome.css":314.144-314.144: error: CSS: "transform": too few values for the property "transform".
"file:/github/workspace/assets/fontawesome-6.4.2/css/fontawesome.css":320.81-320.81: error: CSS: "transform": too few values for the property "transform".
"file:/github/workspace/assets/fontawesome-6.4.2/css/fontawesome.css":364.125-364.125: error: CSS: "transform": too few values for the property "transform".
"file:/github/workspace/assets/fontawesome-6.4.2/css/fontawesome.css":467.57-467.57: error: CSS: "transform": too few values for the property "transform".
"file:/github/workspace/assets/fontawesome-6.4.2/css/regular.css":6.9-6.12: error: CSS: Unknown pseudo-element or pseudo-class ":host"
"file:/github/workspace/assets/fontawesome-6.4.2/css/fontawesome.min.css":6.9097-6.9097: error: CSS: "transform": too few values for the property "transform".
"file:/github/workspace/assets/fontawesome-6.4.2/css/fontawesome.min.css":6.9449-6.9449: error: CSS: "transform": too few values for the property "transform".
"file:/github/workspace/assets/fontawesome-6.4.2/css/fontawesome.min.css":6.10704-6.10704: error: CSS: "transform": too few values for the property "transform".
"file:/github/workspace/assets/fontawesome-6.4.2/css/fontawesome.min.css":6.12710-6.12710: error: CSS: "transform": too few values for the property "transform".
"file:/github/workspace/assets/fontawesome-6.4.2/css/all.min.css":6.9097-6.9097: error: CSS: "transform": too few values for the property "transform".
"file:/github/workspace/assets/fontawesome-6.4.2/css/all.min.css":6.9449-6.9449: error: CSS: "transform": too few values for the property "transform".
"file:/github/workspace/assets/fontawesome-6.4.2/css/all.min.css":6.10704-6.10704: error: CSS: "transform": too few values for the property "transform".
"file:/github/workspace/assets/fontawesome-6.4.2/css/all.min.css":6.12710-6.12710: error: CSS: "transform": too few values for the property "transform".
"file:/github/workspace/assets/fontawesome-6.4.2/css/all.min.css":9.218-9.221: error: CSS: Unknown pseudo-element or pseudo-class ":host"
"file:/github/workspace/assets/fontawesome-6.4.2/css/all.min.css":9.18854-9.18857: error: CSS: Unknown pseudo-element or pseudo-class ":host"
"file:/github/workspace/assets/fontawesome-6.4.2/css/all.min.css":9.19167-9.19170: error: CSS: Unknown pseudo-element or pseudo-class ":host"
"file:/github/workspace/assets/fontawesome-6.4.2/css/svg-with-js.min.css":6.2-6.5: error: CSS: Unknown pseudo-element or pseudo-class ":host"
"file:/github/workspace/assets/fontawesome-6.4.2/css/svg-with-js.min.css":6.554-6.557: error: CSS: Unknown pseudo-element or pseudo-class ":host"
"file:/github/workspace/assets/fontawesome-6.4.2/css/svg-with-js.min.css":6.12025-6.12025: error: CSS: "transform": too few values for the property "transform".
"file:/github/workspace/assets/fontawesome-6.4.2/css/svg-with-js.min.css":6.12377-6.12377: error: CSS: "transform": too few values for the property "transform".
"file:/github/workspace/assets/fontawesome-6.4.2/css/svg-with-js.min.css":6.13632-6.13632: error: CSS: "transform": too few values for the property "transform".
"file:/github/workspace/assets/fontawesome-6.4.2/css/svg-with-js.min.css":6.15638-6.15638: error: CSS: "transform": too few values for the property "transform".
"file:/github/workspace/assets/fontawesome-6.4.2/css/solid.min.css":6.2-6.5: error: CSS: Unknown pseudo-element or pseudo-class ":host"
"file:/github/workspace/assets/fontawesome-6.4.2/css/solid.css":6.9-6.12: error: CSS: Unknown pseudo-element or pseudo-class ":host"
"file:/github/workspace/assets/fontawesome-6.4.2/css/all.css":314.144-314.144: error: CSS: "transform": too few values for the property "transform".
"file:/github/workspace/assets/fontawesome-6.4.2/css/all.css":320.81-320.81: error: CSS: "transform": too few values for the property "transform".
"file:/github/workspace/assets/fontawesome-6.4.2/css/all.css":364.125-364.125: error: CSS: "transform": too few values for the property "transform".
"file:/github/workspace/assets/fontawesome-6.4.2/css/all.css":467.57-467.57: error: CSS: "transform": too few values for the property "transform".
"file:/github/workspace/assets/fontawesome-6.4.2/css/all.css":6373.9-6373.12: error: CSS: Unknown pseudo-element or pseudo-class ":host"
"file:/github/workspace/assets/fontawesome-6.4.2/css/all.css":7905.9-7905.12: error: CSS: Unknown pseudo-element or pseudo-class ":host"
"file:/github/workspace/assets/fontawesome-6.4.2/css/all.css":7919.9-7919.12: error: CSS: Unknown pseudo-element or pseudo-class ":host"
"file:/github/workspace/assets/fontawesome-6.4.2/css/brands.css":6.9-6.12: error: CSS: Unknown pseudo-element or pseudo-class ":host"
"file:/github/workspace/search/index.html":209.13-209.47: error: Duplicate ID "stitle".
"file:/github/workspace/search/index.html":219.13-219.47: error: Duplicate ID "stitle".
"file:/github/workspace/qrcode/index.html":159.15-159.18: error: No "p" element in scope but a "p" end tag seen.
"file:/github/workspace/webvium/index.html":228.13-228.16: error: No "p" element in scope but a "p" end tag seen.
"file:/github/workspace/webvium/index.html":422.7-422.40: error: Duplicate ID "info".
"file:/github/workspace/webviumvpn/index.html":195.13-195.16: error: No "p" element in scope but a "p" end tag seen.
"file:/github/workspace/webviumdev/index.html":212.13-212.16: error: No "p" element in scope but a "p" end tag seen.
"file:/github/workspace/webviumdev/index.html":304.7-304.40: error: Duplicate ID "info".
